<?xml version="1.0" encoding="UTF-8"?>
<!-- Generated by org.testng.reporters.JUnitXMLReporter -->
<testsuite hostname="DESKTOP-NGFOF13" ignored="0" name="Test" tests="9" failures="0" timestamp="2020-04-15T20:29:45 IST" time="29.962" errors="0">
  <testcase name="Enter_first_FirstName_lastname" time="5.775" classname="testNG_sel_app_form.Test_sel_app_form"/>
  <testcase name="gettitle" time="0.381" classname="testNG_sel_app_form.Test_sel_app_form"/>
  <testcase name="check_radio_button_male" time="0.619" classname="testNG_sel_app_form.Test_sel_app_form"/>
  <testcase name="check_radio_button_female" time="0.634" classname="testNG_sel_app_form.Test_sel_app_form"/>
  <testcase name="check_radio_exp_button" time="0.538" classname="testNG_sel_app_form.Test_sel_app_form"/>
  <testcase name="date" time="0.641" classname="testNG_sel_app_form.Test_sel_app_form"/>
  <testcase name="prof_check_b0x" time="0.607" classname="testNG_sel_app_form.Test_sel_app_form"/>
  <testcase name="Continents_dropdown" time="0.674" classname="testNG_sel_app_form.Test_sel_app_form"/>
  <testcase name="click_on_selnoum_menu" time="6.626" classname="testNG_sel_app_form.Test_sel_app_form"/>
</testsuite> <!-- Test -->
